This file contains any messages produced by compilers while
running configure, to aid debugging if configure makes a mistake.

It was created by pam_sasl configure 0.1.2, which was
generated by GNU Autoconf 2.67.  Invocation command line was

  $ ./configure 

## --------- ##
## Platform. ##
## --------- ##

hostname = accdevxlnxp0003
uname -m = x86_64
uname -r = 3.10.0-1160.15.2.el7.x86_64
uname -s = Linux
uname -v = #1 SMP Thu Jan 21 16:15:07 EST 2021

/usr/bin/uname -p = x86_64
/bin/uname -X     = unknown

/bin/arch              = x86_64
/usr/bin/arch -k       = unknown
/usr/convex/getsysinfo = unknown
/usr/bin/hostinfo      = unknown
/bin/machine           = unknown
/usr/bin/oslevel       = unknown
/bin/universe          = unknown

PATH: /usr/lib64/qt-3.3/bin
PATH: /usr/local/sbin
PATH: /usr/local/bin
PATH: /usr/sbin
PATH: /usr/bin
PATH: /opt/puppetlabs/bin
PATH: /root/bin


## ----------- ##
## Core tests. ##
## ----------- ##

configure:2360: checking for a BSD-compatible install
configure:2428: result: /usr/bin/install -c
configure:2439: checking whether build environment is sane
configure:2489: result: yes
configure:2630: checking for a thread-safe mkdir -p
configure:2669: result: /usr/bin/mkdir -p
configure:2682: checking for gawk
configure:2698: found /usr/bin/gawk
configure:2709: result: gawk
configure:2720: checking whether make sets $(MAKE)
configure:2742: result: yes
configure:2872: checking for gcc
configure:2888: found /usr/bin/gcc
configure:2899: result: gcc
configure:3128: checking for C compiler version
configure:3137: gcc --version >&5
gcc (GCC) 4.8.5 20150623 (Red Hat 4.8.5-44)
Copyright (C) 2015 Free Software Foundation, Inc.
This is free software; see the source for copying conditions.  There is NO
warranty; not even for MERCHANTABILITY or FITNESS FOR A PARTICULAR PURPOSE.

configure:3148: $? = 0
configure:3137: gcc -v >&5
Using built-in specs.
COLLECT_GCC=gcc
COLLECT_LTO_WRAPPER=/usr/libexec/gcc/x86_64-redhat-linux/4.8.5/lto-wrapper
Target: x86_64-redhat-linux
Configured with: ../configure --prefix=/usr --mandir=/usr/share/man --infodir=/usr/share/info --with-bugurl=http://bugzilla.redhat.com/bugzilla --enable-bootstrap --enable-shared --enable-threads=posix --enable-checking=release --with-system-zlib --enable-__cxa_atexit --disable-libunwind-exceptions --enable-gnu-unique-object --enable-linker-build-id --with-linker-hash-style=gnu --enable-languages=c,c++,objc,obj-c++,java,fortran,ada,go,lto --enable-plugin --enable-initfini-array --disable-libgcj --with-isl=/builddir/build/BUILD/gcc-4.8.5-20150702/obj-x86_64-redhat-linux/isl-install --with-cloog=/builddir/build/BUILD/gcc-4.8.5-20150702/obj-x86_64-redhat-linux/cloog-install --enable-gnu-indirect-function --with-tune=generic --with-arch_32=x86-64 --build=x86_64-redhat-linux
Thread model: posix
gcc version 4.8.5 20150623 (Red Hat 4.8.5-44) (GCC) 
configure:3148: $? = 0
configure:3137: gcc -V >&5
gcc: error: unrecognized command line option '-V'
gcc: fatal error: no input files
compilation terminated.
configure:3148: $? = 4
configure:3137: gcc -qversion >&5
gcc: error: unrecognized command line option '-qversion'
gcc: fatal error: no input files
compilation terminated.
configure:3148: $? = 4
configure:3168: checking whether the C compiler works
configure:3190: gcc    conftest.c  >&5
configure:3194: $? = 0
configure:3242: result: yes
configure:3245: checking for C compiler default output file name
configure:3247: result: a.out
configure:3253: checking for suffix of executables
configure:3260: gcc -o conftest    conftest.c  >&5
configure:3264: $? = 0
configure:3286: result: 
configure:3308: checking whether we are cross compiling
configure:3316: gcc -o conftest    conftest.c  >&5
configure:3320: $? = 0
configure:3327: ./conftest
configure:3331: $? = 0
configure:3346: result: no
configure:3351: checking for suffix of object files
configure:3373: gcc -c   conftest.c >&5
configure:3377: $? = 0
configure:3398: result: o
configure:3402: checking whether we are using the GNU C compiler
configure:3421: gcc -c   conftest.c >&5
configure:3421: $? = 0
configure:3430: result: yes
configure:3439: checking whether gcc accepts -g
configure:3459: gcc -c -g  conftest.c >&5
configure:3459: $? = 0
configure:3500: result: yes
configure:3517: checking for gcc option to accept ISO C89
configure:3581: gcc  -c -g -O2  conftest.c >&5
configure:3581: $? = 0
configure:3594: result: none needed
configure:3625: checking for style of include used by make
configure:3653: result: GNU
configure:3678: checking dependency style of gcc
configure:3788: result: gcc3
configure:3838: checking for xsltproc
configure:3856: found /usr/bin/xsltproc
configure:3868: result: /usr/bin/xsltproc
configure:3940: checking for sasl_checkpass in -lsasl2
configure:3965: gcc -o conftest -g -O2   conftest.c -lsasl2   >&5
configure:3965: $? = 0
configure:3974: result: yes
configure:3987: checking for pam_get_item in -lpam
configure:4012: gcc -o conftest -g -O2   conftest.c -lpam  -lsasl2  >&5
configure:4012: $? = 0
configure:4021: result: yes
configure:4041: checking how to run the C preprocessor
configure:4072: gcc -E  conftest.c
configure:4072: $? = 0
configure:4086: gcc -E  conftest.c
conftest.c:13:28: fatal error: ac_nonexistent.h: No such file or directory
 #include <ac_nonexistent.h>
                            ^
compilation terminated.
configure:4086: $? = 1
configure: failed program was:
| /* confdefs.h */
| #define PACKAGE_NAME "pam_sasl"
| #define PACKAGE_TARNAME "pam_sasl"
| #define PACKAGE_VERSION "0.1.2"
| #define PACKAGE_STRING "pam_sasl 0.1.2"
| #define PACKAGE_BUGREPORT "xworld21@users.sf.net"
| #define PACKAGE_URL "http://pam-sasl.sourceforge.net/"
| #define PACKAGE "pam_sasl"
| #define VERSION "0.1.2"
| #define HAVE_LIBSASL2 1
| #define HAVE_LIBPAM 1
| /* end confdefs.h.  */
| #include <ac_nonexistent.h>
configure:4111: result: gcc -E
configure:4131: gcc -E  conftest.c
configure:4131: $? = 0
configure:4145: gcc -E  conftest.c
conftest.c:13:28: fatal error: ac_nonexistent.h: No such file or directory
 #include <ac_nonexistent.h>
                            ^
compilation terminated.
configure:4145: $? = 1
configure: failed program was:
| /* confdefs.h */
| #define PACKAGE_NAME "pam_sasl"
| #define PACKAGE_TARNAME "pam_sasl"
| #define PACKAGE_VERSION "0.1.2"
| #define PACKAGE_STRING "pam_sasl 0.1.2"
| #define PACKAGE_BUGREPORT "xworld21@users.sf.net"
| #define PACKAGE_URL "http://pam-sasl.sourceforge.net/"
| #define PACKAGE "pam_sasl"
| #define VERSION "0.1.2"
| #define HAVE_LIBSASL2 1
| #define HAVE_LIBPAM 1
| /* end confdefs.h.  */
| #include <ac_nonexistent.h>
configure:4174: checking for grep that handles long lines and -e
configure:4232: result: /usr/bin/grep
configure:4237: checking for egrep
configure:4299: result: /usr/bin/grep -E
configure:4304: checking for ANSI C header files
configure:4324: gcc -c -g -O2  conftest.c >&5
configure:4324: $? = 0
configure:4397: gcc -o conftest -g -O2   conftest.c -lpam -lsasl2  >&5
configure:4397: $? = 0
configure:4397: ./conftest
configure:4397: $? = 0
configure:4408: result: yes
configure:4421: checking for sys/types.h
configure:4421: gcc -c -g -O2  conftest.c >&5
configure:4421: $? = 0
configure:4421: result: yes
configure:4421: checking for sys/stat.h
configure:4421: gcc -c -g -O2  conftest.c >&5
configure:4421: $? = 0
configure:4421: result: yes
configure:4421: checking for stdlib.h
configure:4421: gcc -c -g -O2  conftest.c >&5
configure:4421: $? = 0
configure:4421: result: yes
configure:4421: checking for string.h
configure:4421: gcc -c -g -O2  conftest.c >&5
configure:4421: $? = 0
configure:4421: result: yes
configure:4421: checking for memory.h
configure:4421: gcc -c -g -O2  conftest.c >&5
configure:4421: $? = 0
configure:4421: result: yes
configure:4421: checking for strings.h
configure:4421: gcc -c -g -O2  conftest.c >&5
configure:4421: $? = 0
configure:4421: result: yes
configure:4421: checking for inttypes.h
configure:4421: gcc -c -g -O2  conftest.c >&5
configure:4421: $? = 0
configure:4421: result: yes
configure:4421: checking for stdint.h
configure:4421: gcc -c -g -O2  conftest.c >&5
configure:4421: $? = 0
configure:4421: result: yes
configure:4421: checking for unistd.h
configure:4421: gcc -c -g -O2  conftest.c >&5
configure:4421: $? = 0
configure:4421: result: yes
configure:4435: checking for stdlib.h
configure:4435: result: yes
configure:4449: checking for string.h
configure:4449: result: yes
configure:4463: checking syslog.h usability
configure:4463: gcc -c -g -O2  conftest.c >&5
configure:4463: $? = 0
configure:4463: result: yes
configure:4463: checking syslog.h presence
configure:4463: gcc -E  conftest.c
configure:4463: $? = 0
configure:4463: result: yes
configure:4463: checking for syslog.h
configure:4463: result: yes
configure:4477: checking for unistd.h
configure:4477: result: yes
configure:4492: checking sasl/sasl.h usability
configure:4492: gcc -c -g -O2  conftest.c >&5
configure:4492: $? = 0
configure:4492: result: yes
configure:4492: checking sasl/sasl.h presence
configure:4492: gcc -E  conftest.c
configure:4492: $? = 0
configure:4492: result: yes
configure:4492: checking for sasl/sasl.h
configure:4492: result: yes
configure:4507: checking security/pam_modules.h usability
configure:4507: gcc -c -g -O2  conftest.c >&5
configure:4507: $? = 0
configure:4507: result: yes
configure:4507: checking security/pam_modules.h presence
configure:4507: gcc -E  conftest.c
configure:4507: $? = 0
configure:4507: result: yes
configure:4507: checking for security/pam_modules.h
configure:4507: result: yes
configure:4522: checking pam/pam_constants.h usability
configure:4522: gcc -c -g -O2  conftest.c >&5
conftest.c:62:31: fatal error: pam/pam_constants.h: No such file or directory
 #include <pam/pam_constants.h>
                               ^
compilation terminated.
configure:4522: $? = 1
configure: failed program was:
| /* confdefs.h */
| #define PACKAGE_NAME "pam_sasl"
| #define PACKAGE_TARNAME "pam_sasl"
| #define PACKAGE_VERSION "0.1.2"
| #define PACKAGE_STRING "pam_sasl 0.1.2"
| #define PACKAGE_BUGREPORT "xworld21@users.sf.net"
| #define PACKAGE_URL "http://pam-sasl.sourceforge.net/"
| #define PACKAGE "pam_sasl"
| #define VERSION "0.1.2"
| #define HAVE_LIBSASL2 1
| #define HAVE_LIBPAM 1
| #define STDC_HEADERS 1
| #define HAVE_SYS_TYPES_H 1
| #define HAVE_SYS_STAT_H 1
| #define HAVE_STDLIB_H 1
| #define HAVE_STRING_H 1
| #define HAVE_MEMORY_H 1
| #define HAVE_STRINGS_H 1
| #define HAVE_INTTYPES_H 1
| #define HAVE_STDINT_H 1
| #define HAVE_UNISTD_H 1
| #define HAVE_STDLIB_H 1
| #define HAVE_STRING_H 1
| #define HAVE_SYSLOG_H 1
| #define HAVE_UNISTD_H 1
| #define HAVE_SASL_SASL_H 1
| #define HAVE_SECURITY_PAM_MODULES_H 1
| /* end confdefs.h.  */
| #include <stdio.h>
| #ifdef HAVE_SYS_TYPES_H
| # include <sys/types.h>
| #endif
| #ifdef HAVE_SYS_STAT_H
| # include <sys/stat.h>
| #endif
| #ifdef STDC_HEADERS
| # include <stdlib.h>
| # include <stddef.h>
| #else
| # ifdef HAVE_STDLIB_H
| #  include <stdlib.h>
| # endif
| #endif
| #ifdef HAVE_STRING_H
| # if !defined STDC_HEADERS && defined HAVE_MEMORY_H
| #  include <memory.h>
| # endif
| # include <string.h>
| #endif
| #ifdef HAVE_STRINGS_H
| # include <strings.h>
| #endif
| #ifdef HAVE_INTTYPES_H
| # include <inttypes.h>
| #endif
| #ifdef HAVE_STDINT_H
| # include <stdint.h>
| #endif
| #ifdef HAVE_UNISTD_H
| # include <unistd.h>
| #endif
| #include <pam/pam_constants.h>
configure:4522: result: no
configure:4522: checking pam/pam_constants.h presence
configure:4522: gcc -E  conftest.c
conftest.c:29:31: fatal error: pam/pam_constants.h: No such file or directory
 #include <pam/pam_constants.h>
                               ^
compilation terminated.
configure:4522: $? = 1
configure: failed program was:
| /* confdefs.h */
| #define PACKAGE_NAME "pam_sasl"
| #define PACKAGE_TARNAME "pam_sasl"
| #define PACKAGE_VERSION "0.1.2"
| #define PACKAGE_STRING "pam_sasl 0.1.2"
| #define PACKAGE_BUGREPORT "xworld21@users.sf.net"
| #define PACKAGE_URL "http://pam-sasl.sourceforge.net/"
| #define PACKAGE "pam_sasl"
| #define VERSION "0.1.2"
| #define HAVE_LIBSASL2 1
| #define HAVE_LIBPAM 1
| #define STDC_HEADERS 1
| #define HAVE_SYS_TYPES_H 1
| #define HAVE_SYS_STAT_H 1
| #define HAVE_STDLIB_H 1
| #define HAVE_STRING_H 1
| #define HAVE_MEMORY_H 1
| #define HAVE_STRINGS_H 1
| #define HAVE_INTTYPES_H 1
| #define HAVE_STDINT_H 1
| #define HAVE_UNISTD_H 1
| #define HAVE_STDLIB_H 1
| #define HAVE_STRING_H 1
| #define HAVE_SYSLOG_H 1
| #define HAVE_UNISTD_H 1
| #define HAVE_SASL_SASL_H 1
| #define HAVE_SECURITY_PAM_MODULES_H 1
| /* end confdefs.h.  */
| #include <pam/pam_constants.h>
configure:4522: result: no
configure:4522: checking for pam/pam_constants.h
configure:4522: result: no
configure:4534: checking for an ANSI C-conforming const
configure:4599: gcc -c -g -O2  conftest.c >&5
configure:4599: $? = 0
configure:4606: result: yes
configure:4619: checking for memset
configure:4619: gcc -o conftest -g -O2   conftest.c -lpam -lsasl2  >&5
conftest.c:52:6: warning: conflicting types for built-in function 'memset' [enabled by default]
 char memset ();
      ^
configure:4619: $? = 0
configure:4619: result: yes
configure:4619: checking for strdup
configure:4619: gcc -o conftest -g -O2   conftest.c -lpam -lsasl2  >&5
conftest.c:53:6: warning: conflicting types for built-in function 'strdup' [enabled by default]
 char strdup ();
      ^
configure:4619: $? = 0
configure:4619: result: yes
configure:4721: checking build system type
configure:4735: result: x86_64-unknown-linux-gnu
configure:4755: checking host system type
configure:4768: result: x86_64-unknown-linux-gnu
configure:4788: checking for a sed that does not truncate output
configure:4852: result: /usr/bin/sed
configure:4870: checking for fgrep
configure:4932: result: /usr/bin/grep -F
configure:4967: checking for ld used by gcc
configure:5034: result: /usr/bin/ld
configure:5041: checking if the linker (/usr/bin/ld) is GNU ld
configure:5056: result: yes
configure:5068: checking for BSD- or MS-compatible name lister (nm)
configure:5117: result: /usr/bin/nm -B
configure:5235: checking the name lister (/usr/bin/nm -B) interface
configure:5242: gcc -c -g -O2  conftest.c >&5
configure:5245: /usr/bin/nm -B "conftest.o"
configure:5248: output
0000000000000000 B some_variable
configure:5255: result: BSD nm
configure:5258: checking whether ln -s works
configure:5262: result: yes
configure:5270: checking the maximum length of command line arguments
configure:5390: result: 1572864
configure:5407: checking whether the shell understands some XSI constructs
configure:5417: result: yes
configure:5421: checking whether the shell understands "+="
configure:5427: result: yes
configure:5462: checking for /usr/bin/ld option to reload object files
configure:5469: result: -r
configure:5538: checking for objdump
configure:5554: found /usr/bin/objdump
configure:5565: result: objdump
configure:5597: checking how to recognize dependent libraries
configure:5793: result: pass_all
configure:5853: checking for ar
configure:5869: found /usr/bin/ar
configure:5880: result: ar
configure:5958: checking for strip
configure:5974: found /usr/bin/strip
configure:5985: result: strip
configure:6057: checking for ranlib
configure:6073: found /usr/bin/ranlib
configure:6084: result: ranlib
configure:6174: checking command to parse /usr/bin/nm -B output from gcc object
configure:6292: gcc -c -g -O2  conftest.c >&5
configure:6295: $? = 0
configure:6299: /usr/bin/nm -B conftest.o \| sed -n -e 's/^.*[	 ]\([ABCDGIRSTW][ABCDGIRSTW]*\)[	 ][	 ]*\([_A-Za-z][_A-Za-z0-9]*\)$/\1 \2 \2/p' \> conftest.nm
configure:6302: $? = 0
configure:6356: gcc -o conftest -g -O2   conftest.c conftstm.o >&5
configure:6359: $? = 0
configure:6397: result: ok
configure:6492: gcc -c -g -O2  conftest.c >&5
configure:6495: $? = 0
configure:7202: checking for dlfcn.h
configure:7202: gcc -c -g -O2  conftest.c >&5
configure:7202: $? = 0
configure:7202: result: yes
configure:7326: checking for objdir
configure:7341: result: .libs
configure:7637: checking if gcc supports -fno-rtti -fno-exceptions
configure:7655: gcc -c -g -O2  -fno-rtti -fno-exceptions conftest.c >&5
cc1: warning: command line option '-fno-rtti' is valid for C++/ObjC++ but not for C [enabled by default]
configure:7659: $? = 0
configure:7672: result: no
configure:7692: checking for gcc option to produce PIC
configure:7964: result: -fPIC -DPIC
configure:7976: checking if gcc PIC flag -fPIC -DPIC works
configure:7994: gcc -c -g -O2  -fPIC -DPIC -DPIC conftest.c >&5
configure:7998: $? = 0
configure:8011: result: yes
configure:8035: checking if gcc static flag -static works
configure:8063: result: no
configure:8078: checking if gcc supports -c -o file.o
configure:8099: gcc -c -g -O2  -o out/conftest2.o conftest.c >&5
configure:8103: $? = 0
configure:8125: result: yes
configure:8133: checking if gcc supports -c -o file.o
configure:8180: result: yes
configure:8213: checking whether the gcc linker (/usr/bin/ld -m elf_x86_64) supports shared libraries
configure:9204: result: yes
configure:9241: checking whether -lc should be explicitly linked in
configure:9246: gcc -c -g -O2  conftest.c >&5
configure:9249: $? = 0
configure:9264: gcc -shared conftest.o  -v -Wl,-soname -Wl,conftest -o conftest 2\>\&1 \| /usr/bin/grep  -lc  \>/dev/null 2\>\&1
configure:9267: $? = 0
configure:9279: result: no
configure:9443: checking dynamic linker characteristics
configure:9876: gcc -o conftest -g -O2   -Wl,-rpath -Wl,/foo conftest.c -lpam -lsasl2  >&5
configure:9876: $? = 0
configure:10106: result: GNU/Linux ld.so
configure:10208: checking how to hardcode library paths into programs
configure:10233: result: immediate
configure:10753: checking whether stripping libraries is possible
configure:10758: result: yes
configure:10793: checking if libtool supports shared libraries
configure:10795: result: yes
configure:10798: checking whether to build shared libraries
configure:10819: result: yes
configure:10822: checking whether to build static libraries
configure:10826: result: no
configure:11001: creating ./config.status

## ---------------------- ##
## Running config.status. ##
## ---------------------- ##

This file was extended by pam_sasl config.status 0.1.2, which was
generated by GNU Autoconf 2.67.  Invocation command line was

  CONFIG_FILES    = 
  CONFIG_HEADERS  = 
  CONFIG_LINKS    = 
  CONFIG_COMMANDS = 
  $ ./config.status 

on accdevxlnxp0003

config.status:1082: creating Makefile
config.status:1082: creating config.h
config.status:1262: config.h is unchanged
config.status:1310: executing depfiles commands
config.status:1310: executing libtool commands

## ---------------- ##
## Cache variables. ##
## ---------------- ##

ac_cv_build=x86_64-unknown-linux-gnu
ac_cv_c_compiler_gnu=yes
ac_cv_c_const=yes
ac_cv_env_CC_set=
ac_cv_env_CC_value=
ac_cv_env_CFLAGS_set=
ac_cv_env_CFLAGS_value=
ac_cv_env_CPPFLAGS_set=
ac_cv_env_CPPFLAGS_value=
ac_cv_env_CPP_set=
ac_cv_env_CPP_value=
ac_cv_env_LDFLAGS_set=
ac_cv_env_LDFLAGS_value=
ac_cv_env_LIBS_set=
ac_cv_env_LIBS_value=
ac_cv_env_build_alias_set=
ac_cv_env_build_alias_value=
ac_cv_env_host_alias_set=
ac_cv_env_host_alias_value=
ac_cv_env_target_alias_set=
ac_cv_env_target_alias_value=
ac_cv_func_memset=yes
ac_cv_func_strdup=yes
ac_cv_header_dlfcn_h=yes
ac_cv_header_inttypes_h=yes
ac_cv_header_memory_h=yes
ac_cv_header_pam_pam_constants_h=no
ac_cv_header_sasl_sasl_h=yes
ac_cv_header_security_pam_modules_h=yes
ac_cv_header_stdc=yes
ac_cv_header_stdint_h=yes
ac_cv_header_stdlib_h=yes
ac_cv_header_string_h=yes
ac_cv_header_strings_h=yes
ac_cv_header_sys_stat_h=yes
ac_cv_header_sys_types_h=yes
ac_cv_header_syslog_h=yes
ac_cv_header_unistd_h=yes
ac_cv_host=x86_64-unknown-linux-gnu
ac_cv_lib_pam_pam_get_item=yes
ac_cv_lib_sasl2_sasl_checkpass=yes
ac_cv_objext=o
ac_cv_path_EGREP='/usr/bin/grep -E'
ac_cv_path_FGREP='/usr/bin/grep -F'
ac_cv_path_GREP=/usr/bin/grep
ac_cv_path_SED=/usr/bin/sed
ac_cv_path_XSLTPROC=/usr/bin/xsltproc
ac_cv_path_install='/usr/bin/install -c'
ac_cv_path_mkdir=/usr/bin/mkdir
ac_cv_prog_AWK=gawk
ac_cv_prog_CPP='gcc -E'
ac_cv_prog_ac_ct_AR=ar
ac_cv_prog_ac_ct_CC=gcc
ac_cv_prog_ac_ct_OBJDUMP=objdump
ac_cv_prog_ac_ct_RANLIB=ranlib
ac_cv_prog_ac_ct_STRIP=strip
ac_cv_prog_cc_c89=
ac_cv_prog_cc_g=yes
ac_cv_prog_make_make_set=yes
am_cv_CC_dependencies_compiler_type=gcc3
lt_cv_deplibs_check_method=pass_all
lt_cv_file_magic_cmd='$MAGIC_CMD'
lt_cv_file_magic_test_file=
lt_cv_ld_reload_flag=-r
lt_cv_nm_interface='BSD nm'
lt_cv_objdir=.libs
lt_cv_path_LD=/usr/bin/ld
lt_cv_path_NM='/usr/bin/nm -B'
lt_cv_prog_compiler_c_o=yes
lt_cv_prog_compiler_pic_works=yes
lt_cv_prog_compiler_rtti_exceptions=no
lt_cv_prog_compiler_static_works=no
lt_cv_prog_gnu_ld=yes
lt_cv_sys_global_symbol_pipe='sed -n -e '\''s/^.*[	 ]\([ABCDGIRSTW][ABCDGIRSTW]*\)[	 ][	 ]*\([_A-Za-z][_A-Za-z0-9]*\)$/\1 \2 \2/p'\'''
lt_cv_sys_global_symbol_to_c_name_address='sed -n -e '\''s/^: \([^ ]*\) $/  {\"\1\", (void *) 0},/p'\'' -e '\''s/^[ABCDGIRSTW]* \([^ ]*\) \([^ ]*\)$/  {"\2", (void *) \&\2},/p'\'''
lt_cv_sys_global_symbol_to_c_name_address_lib_prefix='sed -n -e '\''s/^: \([^ ]*\) $/  {\"\1\", (void *) 0},/p'\'' -e '\''s/^[ABCDGIRSTW]* \([^ ]*\) \(lib[^ ]*\)$/  {"\2", (void *) \&\2},/p'\'' -e '\''s/^[ABCDGIRSTW]* \([^ ]*\) \([^ ]*\)$/  {"lib\2", (void *) \&\2},/p'\'''
lt_cv_sys_global_symbol_to_cdecl='sed -n -e '\''s/^T .* \(.*\)$/extern int \1();/p'\'' -e '\''s/^[ABCDGIRSTW]* .* \(.*\)$/extern char \1;/p'\'''
lt_cv_sys_max_cmd_len=1572864

## ----------------- ##
## Output variables. ##
## ----------------- ##

ACLOCAL='${SHELL} /root/pam_sasl-0.1.2/missing --run aclocal-1.11'
AMDEPBACKSLASH='\'
AMDEP_FALSE='#'
AMDEP_TRUE=''
AMTAR='${SHELL} /root/pam_sasl-0.1.2/missing --run tar'
AR='ar'
AUTOCONF='${SHELL} /root/pam_sasl-0.1.2/missing --run autoconf'
AUTOHEADER='${SHELL} /root/pam_sasl-0.1.2/missing --run autoheader'
AUTOMAKE='${SHELL} /root/pam_sasl-0.1.2/missing --run automake-1.11'
AWK='gawk'
CC='gcc'
CCDEPMODE='depmode=gcc3'
CFLAGS='-g -O2'
CPP='gcc -E'
CPPFLAGS=''
CYGPATH_W='echo'
DEFS='-DHAVE_CONFIG_H'
DEPDIR='.deps'
DSYMUTIL=''
DUMPBIN=''
ECHO_C=''
ECHO_N='-n'
ECHO_T=''
EGREP='/usr/bin/grep -E'
EXEEXT=''
FGREP='/usr/bin/grep -F'
GREP='/usr/bin/grep'
INSTALL_DATA='${INSTALL} -m 644'
INSTALL_PROGRAM='${INSTALL}'
INSTALL_SCRIPT='${INSTALL}'
INSTALL_STRIP_PROGRAM='$(install_sh) -c -s'
LD='/usr/bin/ld -m elf_x86_64'
LDFLAGS=''
LIBOBJS=''
LIBS='-lpam -lsasl2 '
LIBTOOL='$(SHELL) $(top_builddir)/libtool'
LIPO=''
LN_S='ln -s'
LTLIBOBJS=''
MAKEINFO='${SHELL} /root/pam_sasl-0.1.2/missing --run makeinfo'
MKDIR_P='/usr/bin/mkdir -p'
NM='/usr/bin/nm -B'
NMEDIT=''
OBJDUMP='objdump'
OBJEXT='o'
OTOOL64=''
OTOOL=''
PACKAGE='pam_sasl'
PACKAGE_BUGREPORT='xworld21@users.sf.net'
PACKAGE_NAME='pam_sasl'
PACKAGE_STRING='pam_sasl 0.1.2'
PACKAGE_TARNAME='pam_sasl'
PACKAGE_URL='http://pam-sasl.sourceforge.net/'
PACKAGE_VERSION='0.1.2'
PATH_SEPARATOR=':'
RANLIB='ranlib'
SECUREDIR='${exec_prefix}/lib/security'
SED='/usr/bin/sed'
SET_MAKE=''
SHELL='/bin/sh'
STRIP='strip'
VERSION='0.1.2'
XSLTPROC='/usr/bin/xsltproc'
XSLTPROC_FLAGS=''
ac_ct_CC='gcc'
ac_ct_DUMPBIN=''
am__EXEEXT_FALSE=''
am__EXEEXT_TRUE='#'
am__fastdepCC_FALSE='#'
am__fastdepCC_TRUE=''
am__include='include'
am__isrc=''
am__leading_dot='.'
am__quote=''
am__tar='${AMTAR} chof - "$$tardir"'
am__untar='${AMTAR} xf -'
bindir='${exec_prefix}/bin'
build='x86_64-unknown-linux-gnu'
build_alias=''
build_cpu='x86_64'
build_os='linux-gnu'
build_vendor='unknown'
datadir='${datarootdir}'
datarootdir='${prefix}/share'
docdir='${datarootdir}/doc/${PACKAGE_TARNAME}'
dvidir='${docdir}'
exec_prefix='${prefix}'
host='x86_64-unknown-linux-gnu'
host_alias=''
host_cpu='x86_64'
host_os='linux-gnu'
host_vendor='unknown'
htmldir='${docdir}'
includedir='${prefix}/include'
infodir='${datarootdir}/info'
install_sh='${SHELL} /root/pam_sasl-0.1.2/install-sh'
libdir='${exec_prefix}/lib'
libexecdir='${exec_prefix}/libexec'
localedir='${datarootdir}/locale'
localstatedir='${prefix}/var'
lt_ECHO='echo'
mandir='${datarootdir}/man'
mkdir_p='/usr/bin/mkdir -p'
oldincludedir='/usr/include'
pdfdir='${docdir}'
prefix='/usr/local'
program_transform_name='s,x,x,'
psdir='${docdir}'
sbindir='${exec_prefix}/sbin'
sharedstatedir='${prefix}/com'
sysconfdir='${prefix}/etc'
target_alias=''

## ----------- ##
## confdefs.h. ##
## ----------- ##

/* confdefs.h */
#define PACKAGE_NAME "pam_sasl"
#define PACKAGE_TARNAME "pam_sasl"
#define PACKAGE_VERSION "0.1.2"
#define PACKAGE_STRING "pam_sasl 0.1.2"
#define PACKAGE_BUGREPORT "xworld21@users.sf.net"
#define PACKAGE_URL "http://pam-sasl.sourceforge.net/"
#define PACKAGE "pam_sasl"
#define VERSION "0.1.2"
#define HAVE_LIBSASL2 1
#define HAVE_LIBPAM 1
#define STDC_HEADERS 1
#define HAVE_SYS_TYPES_H 1
#define HAVE_SYS_STAT_H 1
#define HAVE_STDLIB_H 1
#define HAVE_STRING_H 1
#define HAVE_MEMORY_H 1
#define HAVE_STRINGS_H 1
#define HAVE_INTTYPES_H 1
#define HAVE_STDINT_H 1
#define HAVE_UNISTD_H 1
#define HAVE_STDLIB_H 1
#define HAVE_STRING_H 1
#define HAVE_SYSLOG_H 1
#define HAVE_UNISTD_H 1
#define HAVE_SASL_SASL_H 1
#define HAVE_SECURITY_PAM_MODULES_H 1
#define HAVE_MEMSET 1
#define HAVE_STRDUP 1
#define HAVE_DLFCN_H 1
#define LT_OBJDIR ".libs/"

configure: exit 0
